0 info it worked if it ends with ok
1 verbose cli [ '/Users/stupeters/.nvm/versions/v6.6.0/bin/node',
1 verbose cli   '/Users/stupeters/.nvm/versions/v6.6.0/bin/npm',
1 verbose cli   'run',
1 verbose cli   'test' ]
2 info using npm@3.10.3
3 info using node@v6.6.0
4 verbose run-script [ 'pretest', 'test', 'posttest' ]
5 info lifecycle voting-server@1.0.0~pretest: voting-server@1.0.0
6 silly lifecycle voting-server@1.0.0~pretest: no script for pretest, continuing
7 info lifecycle voting-server@1.0.0~test: voting-server@1.0.0
8 verbose lifecycle voting-server@1.0.0~test: unsafe-perm in lifecycle true
9 verbose lifecycle voting-server@1.0.0~test: PATH: /Users/stupeters/.nvm/versions/v6.6.0/lib/node_modules/npm/bin/node-gyp-bin:/Users/stupeters/Desktop/voting-server/node_modules/.bin:/Users/stupeters/.nvm/versions/v6.6.0/bin:/Users/stupeters/.nvm/versions/v6.6.0/bin:/Users/stupeters/.rvm/gems/ruby-2.2.1/bin:/Users/stupeters/.rvm/gems/ruby-2.2.1@global/bin:/Users/stupeters/.rvm/rubies/ruby-2.2.1/bin:/usr/local/bin:/usr/bin:/bin:/usr/sbin:/sbin:/Applications/Postgres.app/Contents/Versions/latest/bin:/Users/stupeters/.rvm/bin
10 verbose lifecycle voting-server@1.0.0~test: CWD: /Users/stupeters/Desktop/voting-server
11 silly lifecycle voting-server@1.0.0~test: Args: [ '-c',
11 silly lifecycle   'mocha --compilers js:babel-core/register --require ./test/test_helper.js' ]
12 silly lifecycle voting-server@1.0.0~test: Returned: code: 2  signal: null
13 info lifecycle voting-server@1.0.0~test: Failed to exec test script
14 verbose stack Error: voting-server@1.0.0 test: `mocha --compilers js:babel-core/register --require ./test/test_helper.js`
14 verbose stack Exit status 2
14 verbose stack     at EventEmitter.<anonymous> (/Users/stupeters/.nvm/versions/v6.6.0/lib/node_modules/npm/lib/utils/lifecycle.js:242:16)
14 verbose stack     at emitTwo (events.js:106:13)
14 verbose stack     at EventEmitter.emit (events.js:191:7)
14 verbose stack     at ChildProcess.<anonymous> (/Users/stupeters/.nvm/versions/v6.6.0/lib/node_modules/npm/lib/utils/spawn.js:40:14)
14 verbose stack     at emitTwo (events.js:106:13)
14 verbose stack     at ChildProcess.emit (events.js:191:7)
14 verbose stack     at maybeClose (internal/child_process.js:877:16)
14 verbose stack     at Process.ChildProcess._handle.onexit (internal/child_process.js:226:5)
15 verbose pkgid voting-server@1.0.0
16 verbose cwd /Users/stupeters/Desktop/voting-server
17 error Darwin 15.6.0
18 error argv "/Users/stupeters/.nvm/versions/v6.6.0/bin/node" "/Users/stupeters/.nvm/versions/v6.6.0/bin/npm" "run" "test"
19 error node v6.6.0
20 error npm  v3.10.3
21 error code ELIFECYCLE
22 error voting-server@1.0.0 test: `mocha --compilers js:babel-core/register --require ./test/test_helper.js`
22 error Exit status 2
23 error Failed at the voting-server@1.0.0 test script 'mocha --compilers js:babel-core/register --require ./test/test_helper.js'.
23 error Make sure you have the latest version of node.js and npm installed.
23 error If you do, this is most likely a problem with the voting-server package,
23 error not with npm itself.
23 error Tell the author that this fails on your system:
23 error     mocha --compilers js:babel-core/register --require ./test/test_helper.js
23 error You can get information on how to open an issue for this project with:
23 error     npm bugs voting-server
23 error Or if that isn't available, you can get their info via:
23 error     npm owner ls voting-server
23 error There is likely additional logging output above.
24 verbose exit [ 1, true ]
